waiting to take filesystem lock on C:\Users\Echo\.vcpkg-clion\vcpkg\.vcpkg-root...
Detecting compiler hash for triplet x64-windows...
-- Automatically setting HTTP(S)_PROXY environment variables to "127.0.0.1:7890".
All requested packages are currently installed.
Total install time: 200 ns
jsoncpp provides CMake targets:

    # this is heuristically generated, and may not be correct
    find_package(jsoncpp CONFIG REQUIRED)
    target_link_libraries(main PRIVATE JsonCpp::JsonCpp)

The package llvm provides CMake targets:

    find_package(LLVM CONFIG REQUIRED)

    list(APPEND CMAKE_MODULE_PATH "${LLVM_CMAKE_DIR}")
    include(HandleLLVMOptions)
    add_definitions(${LLVM_DEFINITIONS})

    target_include_directories(main PRIVATE ${LLVM_INCLUDE_DIRS})

    # Find the libraries that correspond to the LLVM components that we wish to use
    llvm_map_components_to_libnames(llvm_libs Support Core IRReader ...)

    # Link against LLVM libraries
    target_link_libraries(main PRIVATE ${llvm_libs})

rttr provides CMake targets:

    # this is heuristically generated, and may not be correct
    find_package(rttr CONFIG REQUIRED)
    target_link_libraries(main PRIVATE RTTR::Core)

